{"level":"info","message":"MongoDB connected successfully","service":"nshqms","timestamp":"2025-12-04 12:14:05"}
{"level":"info","message":"NSHQMS server running on port 3000","service":"nshqms","timestamp":"2025-12-04 12:14:05"}
{"level":"info","message":"GET /health","service":"nshqms","timestamp":"2025-12-04 12:14:09"}
{"level":"info","message":"POST /api/checkin/register","service":"nshqms","timestamp":"2025-12-04 12:14:32"}
{"level":"info","message":"Patient registration initiated","service":"nshqms","timestamp":"2025-12-04 12:14:32"}
{"level":"info","message":"Initiating patient check-in process","service":"nshqms","timestamp":"2025-12-04 12:14:32"}
{"level":"info","message":"Calling Mock ePIS endpoint: http://localhost:3000/api/mock-epis/checkin","service":"nshqms","timestamp":"2025-12-04 12:14:32"}
{"level":"info","message":"POST /api/mock-epis/checkin","service":"nshqms","timestamp":"2025-12-04 12:14:32"}
{"level":"info","message":"Received patient data for: John Doe","service":"nshqms","timestamp":"2025-12-04 12:14:32"}
{"level":"info","message":"Patient data stored successfully - Patient ID: PID1764828872915","service":"nshqms","timestamp":"2025-12-04 12:14:32"}
{"level":"info","message":"Patient data ingestion completed","patientId":"PID1764828872915","service":"nshqms","timestamp":"2025-12-04T06:14:32.927Z"}
{"level":"info","message":"GET /api/checkin/patient/PID1733328000000","service":"nshqms","timestamp":"2025-12-04 12:14:56"}
{"error":"Patient not found: PID1733328000000","level":"error","message":"Error retrieving patient","patientId":"PID1733328000000","service":"nshqms","timestamp":"2025-12-04 12:14:56"}
{"error":"Patient not found: PID1733328000000","level":"error","message":"Failed to retrieve patient","service":"nshqms","timestamp":"2025-12-04 12:14:56"}
{"level":"info","message":"GET /health","service":"nshqms","timestamp":"2025-12-04 12:15:46"}
{"level":"info","message":"POST /api/checkin/register","service":"nshqms","timestamp":"2025-12-04 12:19:46"}
{"level":"info","message":"Patient registration initiated","service":"nshqms","timestamp":"2025-12-04 12:19:46"}
{"level":"info","message":"Initiating patient check-in process","service":"nshqms","timestamp":"2025-12-04 12:19:46"}
{"level":"info","message":"Calling Mock ePIS endpoint: http://localhost:3000/api/mock-epis/checkin","service":"nshqms","timestamp":"2025-12-04 12:19:46"}
{"level":"info","message":"POST /api/mock-epis/checkin","service":"nshqms","timestamp":"2025-12-04 12:19:46"}
{"level":"info","message":"Received patient data for: John Doe","service":"nshqms","timestamp":"2025-12-04 12:19:46"}
{"level":"info","message":"Patient data stored successfully - Patient ID: PID1764829186992","service":"nshqms","timestamp":"2025-12-04 12:19:46"}
{"level":"info","message":"Patient data ingestion completed","patientId":"PID1764829186992","service":"nshqms","timestamp":"2025-12-04T06:19:46.994Z"}
{"level":"info","message":"MongoDB connected successfully","service":"nshqms","timestamp":"2025-12-04 12:21:26"}
{"level":"info","message":"NSHQMS server running on port 3000","service":"nshqms","timestamp":"2025-12-04 12:21:26"}
